<?xml version="1.0" encoding="UTF-8"?>
<!-- Generated by org.testng.reporters.JUnitXMLReporter -->
<testsuite hostname="DESKTOP-AF71NMN" name="TestDuo_Mobile_Web" tests="3" failures="0" timestamp="17 Jun 2018 02:54:06 GMT" time="22.776" errors="0">
  <testcase name="accessWikionWeb" time="2.368" classname="com.samplePOM.test.MobileTest1"/>
  <testcase name="searchTextInTB" time="1.179" classname="com.samplePOM.test.MobileTest1"/>
  <testcase name="clickSearchButton" time="1.55" classname="com.samplePOM.test.MobileTest1"/>
</testsuite> <!-- TestDuo_Mobile_Web -->
